<?xml version="1.0" encoding="UTF-8"?>
<testsuite name="com.yixiangyang.service.file.com.yixiangyang.service.file.ApplicationTests" time="0.006" tests="1" errors="1" skipped="0" failures="0">
  <properties>
[...]
</properties>
  <testcase name="contextLoads" classname="com.yixiangyang.service.file.com.yixiangyang.service.file.ApplicationTests" time="0.006">
    <error type="java.lang.NullPointerException:">java.lang.NullPointerException: null
	at com.yixiangyang.service.file.com.yixiangyang.service.file.ApplicationTests.contextLoads(ApplicationTests.java:35)
</error>
    <system-out><![CDATA[{
  g_connect_timeout(ms) = 5000
  g_network_timeout(ms) = 30000
  g_charset = UTF-8
  g_anti_steal_token = false
  g_secret_key = FastDFS1234567890
  g_tracker_http_port = 80
  trackerServers = 
}
]]></system-out>
  </testcase>
</testsuite>